2015-10-27 11:41:19.621 ERROR 17475 --- [main] o.s.b.l.LoggingApplicationListener       : Cannot set level: DEGUG for 'null'
2015-10-27 11:41:19.738  INFO 17475 --- [main] org.eclipse.jetty.util.log               : Logging initialized @1865ms
2015-10-27 11:41:19.828  INFO 17475 --- [main] c.t.kiosk.rss.controller.HealthCheckIT   : Starting HealthCheckIT on YULC02P60BLG3QN.sea.corp.expecn.com with PID 17475 (/Users/htchepannou/Perso/kiosk-rss/target/test-classes started by htchepannou in /Users/htchepannou/Perso/kiosk-rss)
2015-10-27 11:41:20.259  INFO 17475 --- [main] ationConfigEmbeddedWebApplicationContext : Refreshing org.springframework.boot.context.embedded.AnnotationConfigEmbeddedWebApplicationContext@57fd91c9: startup date [Tue Oct 27 11:41:20 EDT 2015]; root of context hierarchy
2015-10-27 11:41:21.261  INFO 17475 --- [main] o.s.b.f.s.DefaultListableBeanFactory     : Overriding bean definition for bean 'beanNameViewResolver': replacing [Root bean: class [null]; scope=; abstract=false; lazyInit=false; autowireMode=3; dependencyCheck=0; autowireCandidate=true; primary=false; factoryBeanName=org.springframework.boot.autoconfigure.web.ErrorMvcAutoConfiguration$WhitelabelErrorViewConfiguration; factoryMethodName=beanNameViewResolver; initMethodName=null; destroyMethodName=(inferred); defined in class path resource [org/springframework/boot/autoconfigure/web/ErrorMvcAutoConfiguration$WhitelabelErrorViewConfiguration.class]] with [Root bean: class [null]; scope=; abstract=false; lazyInit=false; autowireMode=3; dependencyCheck=0; autowireCandidate=true; primary=false; factoryBeanName=org.springframework.boot.autoconfigure.web.WebMvcAutoConfiguration$WebMvcAutoConfigurationAdapter; factoryMethodName=beanNameViewResolver; initMethodName=null; destroyMethodName=(inferred); defined in class path resource [org/springframework/boot/autoconfigure/web/WebMvcAutoConfiguration$WebMvcAutoConfigurationAdapter.class]]
2015-10-27 11:41:21.303  INFO 17475 --- [main] o.s.b.f.s.DefaultListableBeanFactory     : Overriding bean definition for bean 'ignoredPathsWebSecurityConfigurerAdapter': replacing [Root bean: class [null]; scope=; abstract=false; lazyInit=false; autowireMode=3; dependencyCheck=0; autowireCandidate=true; primary=false; factoryBeanName=org.springframework.boot.autoconfigure.security.SpringBootWebSecurityConfiguration; factoryMethodName=ignoredPathsWebSecurityConfigurerAdapter; initMethodName=null; destroyMethodName=(inferred); defined in class path resource [org/springframework/boot/autoconfigure/security/SpringBootWebSecurityConfiguration.class]] with [Root bean: class [null]; scope=; abstract=false; lazyInit=false; autowireMode=3; dependencyCheck=0; autowireCandidate=true; primary=false; factoryBeanName=org.springframework.boot.actuate.autoconfigure.ManagementSecurityAutoConfiguration; factoryMethodName=ignoredPathsWebSecurityConfigurerAdapter; initMethodName=null; destroyMethodName=(inferred); defined in class path resource [org/springframework/boot/actuate/autoconfigure/ManagementSecurityAutoConfiguration.class]]
2015-10-27 11:41:22.058  INFO 17475 --- [main] trationDelegate$BeanPostProcessorChecker : Bean 'metricsConfig' of type [class com.tchepannou.kiosk.rss.config.MetricsConfig$$EnhancerBySpringCGLIB$$167c0914] is not eligible for getting processed by all BeanPostProcessors (for example: not eligible for auto-proxying)
2015-10-27 11:41:22.082  INFO 17475 --- [main] trationDelegate$BeanPostProcessorChecker : Bean 'org.springframework.transaction.annotation.ProxyTransactionManagementConfiguration' of type [class org.springframework.transaction.annotation.ProxyTransactionManagementConfiguration$$EnhancerBySpringCGLIB$$57854f57] is not eligible for getting processed by all BeanPostProcessors (for example: not eligible for auto-proxying)
2015-10-27 11:41:22.110  INFO 17475 --- [main] trationDelegate$BeanPostProcessorChecker : Bean 'transactionAttributeSource' of type [class org.springframework.transaction.annotation.AnnotationTransactionAttributeSource] is not eligible for getting processed by all BeanPostProcessors (for example: not eligible for auto-proxying)
2015-10-27 11:41:22.124  INFO 17475 --- [main] trationDelegate$BeanPostProcessorChecker : Bean 'transactionInterceptor' of type [class org.springframework.transaction.interceptor.TransactionInterceptor] is not eligible for getting processed by all BeanPostProcessors (for example: not eligible for auto-proxying)
2015-10-27 11:41:22.131  INFO 17475 --- [main] trationDelegate$BeanPostProcessorChecker : Bean 'org.springframework.transaction.config.internalTransactionAdvisor' of type [class org.springframework.transaction.interceptor.BeanFactoryTransactionAttributeSourceAdvisor] is not eligible for getting processed by all BeanPostProcessors (for example: not eligible for auto-proxying)
2015-10-27 11:41:22.139  INFO 17475 --- [main] trationDelegate$BeanPostProcessorChecker : Bean 'com.ryantenney.metrics.spring.config.annotation.DelegatingMetricsConfiguration' of type [class com.ryantenney.metrics.spring.config.annotation.DelegatingMetricsConfiguration$$EnhancerBySpringCGLIB$$b9504492] is not eligible for getting processed by all BeanPostProcessors (for example: not eligible for auto-proxying)
2015-10-27 11:41:22.257  INFO 17475 --- [main] trationDelegate$BeanPostProcessorChecker : Bean 'getMetricRegistry' of type [class com.codahale.metrics.MetricRegistry] is not eligible for getting processed by all BeanPostProcessors (for example: not eligible for auto-proxying)
2015-10-27 11:41:22.293  INFO 17475 --- [main] trationDelegate$BeanPostProcessorChecker : Bean 'getHealthCheckRegistry' of type [class com.codahale.metrics.health.HealthCheckRegistry] is not eligible for getting processed by all BeanPostProcessors (for example: not eligible for auto-proxying)
2015-10-27 11:41:22.773  INFO 17475 --- [main] e.j.JettyEmbeddedServletContainerFactory : Server initialized with port: 8080
2015-10-27 11:41:22.777  INFO 17475 --- [main] org.eclipse.jetty.server.Server          : jetty-9.2.10.v20150310
2015-10-27 11:41:22.949  INFO 17475 --- [main] /                                        : Initializing Spring embedded WebApplicationContext
2015-10-27 11:41:22.950  INFO 17475 --- [main] o.s.web.context.ContextLoader            : Root WebApplicationContext: initialization completed in 2694 ms
2015-10-27 11:41:24.417  INFO 17475 --- [main] o.s.b.a.e.mvc.EndpointHandlerMapping     : Mapped "{[/info],methods=[GET]}" onto public java.lang.Object org.springframework.boot.actuate.endpoint.mvc.EndpointMvcAdapter.invoke()
2015-10-27 11:41:24.418  INFO 17475 --- [main] o.s.b.a.e.mvc.EndpointHandlerMapping     : Mapped "{[/autoconfig],methods=[GET]}" onto public java.lang.Object org.springframework.boot.actuate.endpoint.mvc.EndpointMvcAdapter.invoke()
2015-10-27 11:41:24.418  INFO 17475 --- [main] o.s.b.a.e.mvc.EndpointHandlerMapping     : Mapped "{[/beans],methods=[GET]}" onto public java.lang.Object org.springframework.boot.actuate.endpoint.mvc.EndpointMvcAdapter.invoke()
2015-10-27 11:41:24.419  INFO 17475 --- [main] o.s.b.a.e.mvc.EndpointHandlerMapping     : Mapped "{[/configprops],methods=[GET]}" onto public java.lang.Object org.springframework.boot.actuate.endpoint.mvc.EndpointMvcAdapter.invoke()
2015-10-27 11:41:24.420  INFO 17475 --- [main] o.s.b.a.e.mvc.EndpointHandlerMapping     : Mapped "{[/metrics/{name:.*}],methods=[GET]}" onto public java.lang.Object org.springframework.boot.actuate.endpoint.mvc.MetricsMvcEndpoint.value(java.lang.String)
2015-10-27 11:41:24.421  INFO 17475 --- [main] o.s.b.a.e.mvc.EndpointHandlerMapping     : Mapped "{[/metrics],methods=[GET]}" onto public java.lang.Object org.springframework.boot.actuate.endpoint.mvc.EndpointMvcAdapter.invoke()
2015-10-27 11:41:24.422  INFO 17475 --- [main] o.s.b.a.e.mvc.EndpointHandlerMapping     : Mapped "{[/dump],methods=[GET]}" onto public java.lang.Object org.springframework.boot.actuate.endpoint.mvc.EndpointMvcAdapter.invoke()
2015-10-27 11:41:24.422  INFO 17475 --- [main] o.s.b.a.e.mvc.EndpointHandlerMapping     : Mapped "{[/health]}" onto public java.lang.Object org.springframework.boot.actuate.endpoint.mvc.HealthMvcEndpoint.invoke(java.security.Principal)
2015-10-27 11:41:24.423  INFO 17475 --- [main] o.s.b.a.e.mvc.EndpointHandlerMapping     : Mapped "{[/trace],methods=[GET]}" onto public java.lang.Object org.springframework.boot.actuate.endpoint.mvc.EndpointMvcAdapter.invoke()
2015-10-27 11:41:24.423  INFO 17475 --- [main] o.s.b.a.e.mvc.EndpointHandlerMapping     : Mapped "{[/mappings],methods=[GET]}" onto public java.lang.Object org.springframework.boot.actuate.endpoint.mvc.EndpointMvcAdapter.invoke()
2015-10-27 11:41:24.424  INFO 17475 --- [main] o.s.b.a.e.mvc.EndpointHandlerMapping     : Mapped "{[/env/{name:.*}],methods=[GET]}" onto public java.lang.Object org.springframework.boot.actuate.endpoint.mvc.EnvironmentMvcEndpoint.value(java.lang.String)
2015-10-27 11:41:24.424  INFO 17475 --- [main] o.s.b.a.e.mvc.EndpointHandlerMapping     : Mapped "{[/env],methods=[GET]}" onto public java.lang.Object org.springframework.boot.actuate.endpoint.mvc.EndpointMvcAdapter.invoke()
2015-10-27 11:41:24.565  INFO 17475 --- [main] b.a.s.AuthenticationManagerConfiguration : 

Using default security password: ed88d042-1c1b-42c2-a357-abbd507888aa

2015-10-27 11:41:24.713  INFO 17475 --- [main] o.s.s.web.DefaultSecurityFilterChain     : Creating filter chain: Ant [pattern='/css/**'], []
2015-10-27 11:41:24.714  INFO 17475 --- [main] o.s.s.web.DefaultSecurityFilterChain     : Creating filter chain: Ant [pattern='/js/**'], []
2015-10-27 11:41:24.714  INFO 17475 --- [main] o.s.s.web.DefaultSecurityFilterChain     : Creating filter chain: Ant [pattern='/images/**'], []
2015-10-27 11:41:24.714  INFO 17475 --- [main] o.s.s.web.DefaultSecurityFilterChain     : Creating filter chain: Ant [pattern='/**/favicon.ico'], []
2015-10-27 11:41:24.714  INFO 17475 --- [main] o.s.s.web.DefaultSecurityFilterChain     : Creating filter chain: Ant [pattern='/error'], []
2015-10-27 11:41:24.761  INFO 17475 --- [main] o.s.s.web.DefaultSecurityFilterChain     : Creating filter chain: org.springframework.security.web.util.matcher.AnyRequestMatcher@1, [org.springframework.security.web.context.request.async.WebAsyncManagerIntegrationFilter@2fe2fcc2, org.springframework.security.web.context.SecurityContextPersistenceFilter@5b643d6e, org.springframework.security.web.header.HeaderWriterFilter@1c25deb0, org.springframework.security.web.authentication.logout.LogoutFilter@2c6efee3, org.springframework.security.web.savedrequest.RequestCacheAwareFilter@22ed2886, org.springframework.security.web.servletapi.SecurityContextHolderAwareRequestFilter@4abfa2ff, org.springframework.security.web.authentication.AnonymousAuthenticationFilter@69926b6e, org.springframework.security.web.session.SessionManagementFilter@37ab1b10, org.springframework.security.web.access.ExceptionTranslationFilter@25b402ea, org.springframework.security.web.access.intercept.FilterSecurityInterceptor@7a78d2aa]
2015-10-27 11:41:24.771  INFO 17475 --- [main] o.s.s.web.DefaultSecurityFilterChain     : Creating filter chain: OrRequestMatcher [requestMatchers=[Ant [pattern='/info'], Ant [pattern='/info/**'], Ant [pattern='/info.*'], Ant [pattern='/health'], Ant [pattern='/health/**'], Ant [pattern='/health.*'], Ant [pattern='/autoconfig'], Ant [pattern='/autoconfig/**'], Ant [pattern='/autoconfig.*'], Ant [pattern='/beans'], Ant [pattern='/beans/**'], Ant [pattern='/beans.*'], Ant [pattern='/configprops'], Ant [pattern='/configprops/**'], Ant [pattern='/configprops.*'], Ant [pattern='/metrics'], Ant [pattern='/metrics/**'], Ant [pattern='/metrics.*'], Ant [pattern='/dump'], Ant [pattern='/dump/**'], Ant [pattern='/dump.*'], Ant [pattern='/trace'], Ant [pattern='/trace/**'], Ant [pattern='/trace.*'], Ant [pattern='/mappings'], Ant [pattern='/mappings/**'], Ant [pattern='/mappings.*'], Ant [pattern='/env'], Ant [pattern='/env/**'], Ant [pattern='/env.*']]], [org.springframework.security.web.context.request.async.WebAsyncManagerIntegrationFilter@1a73f3d1, org.springframework.security.web.context.SecurityContextPersistenceFilter@4e826fd4, org.springframework.security.web.header.HeaderWriterFilter@4c0ab04f, org.springframework.security.web.authentication.logout.LogoutFilter@67baa05, org.springframework.security.web.authentication.www.BasicAuthenticationFilter@c414eb3, org.springframework.security.web.savedrequest.RequestCacheAwareFilter@5f14590c, org.springframework.security.web.servletapi.SecurityContextHolderAwareRequestFilter@46051269, org.springframework.security.web.authentication.AnonymousAuthenticationFilter@257d3968, org.springframework.security.web.session.SessionManagementFilter@384f0e32, org.springframework.security.web.access.ExceptionTranslationFilter@20462820, org.springframework.security.web.access.intercept.FilterSecurityInterceptor@630e5010]
2015-10-27 11:41:24.785  INFO 17475 --- [main] o.s.s.web.DefaultSecurityFilterChain     : Creating filter chain: org.springframework.boot.autoconfigure.security.SpringBootWebSecurityConfiguration$ApplicationNoWebSecurityConfigurerAdapter$1@6a261998, [org.springframework.security.web.context.request.async.WebAsyncManagerIntegrationFilter@70f3bf00, org.springframework.security.web.context.SecurityContextPersistenceFilter@a72925, org.springframework.security.web.header.HeaderWriterFilter@33060020, org.springframework.security.web.csrf.CsrfFilter@5ec3689b, org.springframework.security.web.authentication.logout.LogoutFilter@53f1fcc2, org.springframework.security.web.savedrequest.RequestCacheAwareFilter@4feaa4b8, org.springframework.security.web.servletapi.SecurityContextHolderAwareRequestFilter@4c6eaa65, org.springframework.security.web.authentication.AnonymousAuthenticationFilter@49770ef9, org.springframework.security.web.session.SessionManagementFilter@443b6765, org.springframework.security.web.access.ExceptionTranslationFilter@1afabf06]
2015-10-27 11:41:24.929  INFO 17475 --- [main] o.s.b.c.embedded.FilterRegistrationBean  : Mapping filter: 'metricFilter' to: [/*]
2015-10-27 11:41:24.930  INFO 17475 --- [main] o.s.b.c.embedded.FilterRegistrationBean  : Mapping filter: 'characterEncodingFilter' to: [/*]
2015-10-27 11:41:24.930  INFO 17475 --- [main] o.s.b.c.embedded.FilterRegistrationBean  : Mapping filter: 'hiddenHttpMethodFilter' to: [/*]
2015-10-27 11:41:24.930  INFO 17475 --- [main] o.s.b.c.embedded.FilterRegistrationBean  : Mapping filter: 'springSecurityFilterChain' to: [/*]
2015-10-27 11:41:24.931  INFO 17475 --- [main] o.s.b.c.embedded.FilterRegistrationBean  : Mapping filter: 'webRequestLoggingFilter' to: [/*]
2015-10-27 11:41:24.931  INFO 17475 --- [main] o.s.b.c.embedded.FilterRegistrationBean  : Mapping filter: 'oncePerRequestFilter' to: [/*]
2015-10-27 11:41:24.931  INFO 17475 --- [main] o.s.b.c.embedded.FilterRegistrationBean  : Mapping filter: 'applicationContextIdFilter' to: [/*]
2015-10-27 11:41:24.932  INFO 17475 --- [main] o.s.b.c.e.ServletRegistrationBean        : Mapping servlet: 'dispatcherServlet' to [/]
2015-10-27 11:41:25.175  INFO 17475 --- [main] o.e.jetty.server.handler.ContextHandler  : Started o.s.b.c.e.j.JettyEmbeddedWebAppContext@3f5e64c9{/,null,AVAILABLE}
2015-10-27 11:41:25.176  INFO 17475 --- [main] org.eclipse.jetty.server.Server          : Started @7306ms
2015-10-27 11:41:25.281  INFO 17475 --- [main] s.w.s.m.m.a.RequestMappingHandlerMapping : Mapped "{[/api-docs],methods=[GET]}" onto public org.springframework.http.ResponseEntity<com.wordnik.swagger.model.ResourceListing> com.mangofactory.swagger.controllers.DefaultSwaggerController.getResourceListing(java.lang.String)
2015-10-27 11:41:25.282  INFO 17475 --- [main] s.w.s.m.m.a.RequestMappingHandlerMapping : Mapped "{[/api-docs/{swaggerGroup}/{apiDeclaration}],methods=[GET]}" onto public org.springframework.http.ResponseEntity<com.wordnik.swagger.model.ApiListing> com.mangofactory.swagger.controllers.DefaultSwaggerController.getApiListing(java.lang.String,java.lang.String)
2015-10-27 11:41:25.283  INFO 17475 --- [main] s.w.s.m.m.a.RequestMappingHandlerMapping : Mapped "{[/error]}" onto public org.springframework.http.ResponseEntity<java.util.Map<java.lang.String, java.lang.Object>> org.springframework.boot.autoconfigure.web.BasicErrorController.error(javax.servlet.http.HttpServletRequest)
2015-10-27 11:41:25.284  INFO 17475 --- [main] s.w.s.m.m.a.RequestMappingHandlerMapping : Mapped "{[/error],produces=[text/html]}" onto public org.springframework.web.servlet.ModelAndView org.springframework.boot.autoconfigure.web.BasicErrorController.errorHtml(javax.servlet.http.HttpServletRequest)
2015-10-27 11:41:25.718  INFO 17475 --- [main] s.w.s.m.m.a.RequestMappingHandlerAdapter : Looking for @ControllerAdvice: org.springframework.boot.context.embedded.AnnotationConfigEmbeddedWebApplicationContext@57fd91c9: startup date [Tue Oct 27 11:41:20 EDT 2015]; root of context hierarchy
2015-10-27 11:41:25.818  INFO 17475 --- [main] o.s.w.s.handler.SimpleUrlHandlerMapping  : Mapped URL path [/webjars/**] onto handler of type [class org.springframework.web.servlet.resource.ResourceHttpRequestHandler]
2015-10-27 11:41:25.818  INFO 17475 --- [main] o.s.w.s.handler.SimpleUrlHandlerMapping  : Mapped URL path [/**] onto handler of type [class org.springframework.web.servlet.resource.ResourceHttpRequestHandler]
2015-10-27 11:41:25.854  INFO 17475 --- [main] o.s.w.s.handler.SimpleUrlHandlerMapping  : Mapped URL path [/**/favicon.ico] onto handler of type [class org.springframework.web.servlet.resource.ResourceHttpRequestHandler]
2015-10-27 11:41:26.017  INFO 17475 --- [main] c.m.swagger.plugin.SwaggerPluginAdapter  : Context refreshed
2015-10-27 11:41:26.019  INFO 17475 --- [main] c.m.swagger.plugin.SwaggerPluginAdapter  : Found custom SwaggerSpringMvcPlugins
2015-10-27 11:41:26.020  INFO 17475 --- [main] c.m.swagger.plugin.SwaggerPluginAdapter  : initializing plugin bean customImplementation
2015-10-27 11:41:26.047  INFO 17475 --- [main] c.m.s.s.ApiListingReferenceScanner       : Scanning for api listing references
2015-10-27 11:41:26.048  INFO 17475 --- [main] c.m.s.s.ApiListingReferenceScanner       : RequestMappingInfo did not match any include patterns: | {[/info],methods=[GET]}
2015-10-27 11:41:26.048  INFO 17475 --- [main] c.m.s.s.ApiListingReferenceScanner       : RequestMappingInfo did not match any include patterns: | {[/autoconfig],methods=[GET]}
2015-10-27 11:41:26.048  INFO 17475 --- [main] c.m.s.s.ApiListingReferenceScanner       : RequestMappingInfo did not match any include patterns: | {[/beans],methods=[GET]}
2015-10-27 11:41:26.048  INFO 17475 --- [main] c.m.s.s.ApiListingReferenceScanner       : RequestMappingInfo did not match any include patterns: | {[/configprops],methods=[GET]}
2015-10-27 11:41:26.049  INFO 17475 --- [main] c.m.s.s.ApiListingReferenceScanner       : RequestMappingInfo did not match any include patterns: | {[/metrics/{name:.*}],methods=[GET]}
2015-10-27 11:41:26.049  INFO 17475 --- [main] c.m.s.s.ApiListingReferenceScanner       : RequestMappingInfo did not match any include patterns: | {[/metrics],methods=[GET]}
2015-10-27 11:41:26.049  INFO 17475 --- [main] c.m.s.s.ApiListingReferenceScanner       : RequestMappingInfo did not match any include patterns: | {[/dump],methods=[GET]}
2015-10-27 11:41:26.049  INFO 17475 --- [main] c.m.s.s.ApiListingReferenceScanner       : RequestMappingInfo did not match any include patterns: | {[/health]}
2015-10-27 11:41:26.049  INFO 17475 --- [main] c.m.s.s.ApiListingReferenceScanner       : RequestMappingInfo did not match any include patterns: | {[/trace],methods=[GET]}
2015-10-27 11:41:26.050  INFO 17475 --- [main] c.m.s.s.ApiListingReferenceScanner       : RequestMappingInfo did not match any include patterns: | {[/mappings],methods=[GET]}
2015-10-27 11:41:26.050  INFO 17475 --- [main] c.m.s.s.ApiListingReferenceScanner       : RequestMappingInfo did not match any include patterns: | {[/env/{name:.*}],methods=[GET]}
2015-10-27 11:41:26.050  INFO 17475 --- [main] c.m.s.s.ApiListingReferenceScanner       : RequestMappingInfo did not match any include patterns: | {[/env],methods=[GET]}
2015-10-27 11:41:26.054  INFO 17475 --- [main] c.m.s.s.ApiListingReferenceScanner       : Excluding method as it contains the excluded annotation: interface com.mangofactory.swagger.annotations.ApiIgnore
2015-10-27 11:41:26.055  INFO 17475 --- [main] c.m.s.s.ApiListingReferenceScanner       : Excluding method as it contains the excluded annotation: interface com.mangofactory.swagger.annotations.ApiIgnore
2015-10-27 11:41:26.055  INFO 17475 --- [main] c.m.s.s.ApiListingReferenceScanner       : RequestMappingInfo did not match any include patterns: | {[/error]}
2015-10-27 11:41:26.056  INFO 17475 --- [main] c.m.s.s.ApiListingReferenceScanner       : RequestMappingInfo did not match any include patterns: | {[/error],produces=[text/html]}
2015-10-27 11:41:26.366  INFO 17475 --- [main] c.m.s.core.SwaggerApiResourceListing     : Added a resource listing with (0) api resources: 
2015-10-27 11:41:26.379  INFO 17475 --- [main] /                                        : Initializing Spring FrameworkServlet 'dispatcherServlet'
2015-10-27 11:41:26.379  INFO 17475 --- [main] o.s.web.servlet.DispatcherServlet        : FrameworkServlet 'dispatcherServlet': initialization started
2015-10-27 11:41:26.405  INFO 17475 --- [main] o.s.web.servlet.DispatcherServlet        : FrameworkServlet 'dispatcherServlet': initialization completed in 25 ms
2015-10-27 11:41:26.477  INFO 17475 --- [main] o.eclipse.jetty.server.ServerConnector   : Started ServerConnector@2d5bcd89{HTTP/1.1}{0.0.0.0:8080}
2015-10-27 11:41:26.482  INFO 17475 --- [main] .s.b.c.e.j.JettyEmbeddedServletContainer : Jetty started on port(s) 8080 (http/1.1)
2015-10-27 11:41:26.488  INFO 17475 --- [main] c.t.kiosk.rss.controller.HealthCheckIT   : Started HealthCheckIT in 7.181 seconds (JVM running for 8.618)
2015-10-27 11:41:28.218  INFO 17475 --- [Thread-2] ationConfigEmbeddedWebApplicationContext : Closing org.springframework.boot.context.embedded.AnnotationConfigEmbeddedWebApplicationContext@57fd91c9: startup date [Tue Oct 27 11:41:20 EDT 2015]; root of context hierarchy
2015-10-27 11:41:28.291  INFO 17475 --- [Thread-2] o.eclipse.jetty.server.ServerConnector   : Stopped ServerConnector@2d5bcd89{HTTP/1.1}{0.0.0.0:8080}
2015-10-27 11:41:28.294  INFO 17475 --- [Thread-2] /                                        : Destroying Spring FrameworkServlet 'dispatcherServlet'
2015-10-27 11:41:28.295  INFO 17475 --- [Thread-2] o.e.jetty.server.handler.ContextHandler  : Stopped o.s.b.c.e.j.JettyEmbeddedWebAppContext@3f5e64c9{/,null,UNAVAILABLE}
2015-10-27 13:30:57.211 ERROR 71924 --- [main] o.s.b.l.LoggingApplicationListener       : Cannot set level: DEGUG for 'null'
2015-10-27 13:30:57.280  INFO 71924 --- [main] org.eclipse.jetty.util.log               : Logging initialized @1271ms
2015-10-27 13:30:57.326  INFO 71924 --- [main] c.t.kiosk.rss.controller.HealthCheckIT   : Starting HealthCheckIT on YULC02P60BLG3QN.sea.corp.expecn.com with PID 71924 (/Users/htchepannou/Perso/kiosk-rss/target/test-classes started by htchepannou in /Users/htchepannou/Perso/kiosk-rss)
2015-10-27 13:30:57.622  INFO 71924 --- [main] ationConfigEmbeddedWebApplicationContext : Refreshing org.springframework.boot.context.embedded.AnnotationConfigEmbeddedWebApplicationContext@57fd91c9: startup date [Tue Oct 27 13:30:57 EDT 2015]; root of context hierarchy
2015-10-27 13:30:58.329  INFO 71924 --- [main] o.s.b.f.s.DefaultListableBeanFactory     : Overriding bean definition for bean 'beanNameViewResolver': replacing [Root bean: class [null]; scope=; abstract=false; lazyInit=false; autowireMode=3; dependencyCheck=0; autowireCandidate=true; primary=false; factoryBeanName=org.springframework.boot.autoconfigure.web.ErrorMvcAutoConfiguration$WhitelabelErrorViewConfiguration; factoryMethodName=beanNameViewResolver; initMethodName=null; destroyMethodName=(inferred); defined in class path resource [org/springframework/boot/autoconfigure/web/ErrorMvcAutoConfiguration$WhitelabelErrorViewConfiguration.class]] with [Root bean: class [null]; scope=; abstract=false; lazyInit=false; autowireMode=3; dependencyCheck=0; autowireCandidate=true; primary=false; factoryBeanName=org.springframework.boot.autoconfigure.web.WebMvcAutoConfiguration$WebMvcAutoConfigurationAdapter; factoryMethodName=beanNameViewResolver; initMethodName=null; destroyMethodName=(inferred); defined in class path resource [org/springframework/boot/autoconfigure/web/WebMvcAutoConfiguration$WebMvcAutoConfigurationAdapter.class]]
2015-10-27 13:30:58.356  INFO 71924 --- [main] o.s.b.f.s.DefaultListableBeanFactory     : Overriding bean definition for bean 'ignoredPathsWebSecurityConfigurerAdapter': replacing [Root bean: class [null]; scope=; abstract=false; lazyInit=false; autowireMode=3; dependencyCheck=0; autowireCandidate=true; primary=false; factoryBeanName=org.springframework.boot.autoconfigure.security.SpringBootWebSecurityConfiguration; factoryMethodName=ignoredPathsWebSecurityConfigurerAdapter; initMethodName=null; destroyMethodName=(inferred); defined in class path resource [org/springframework/boot/autoconfigure/security/SpringBootWebSecurityConfiguration.class]] with [Root bean: class [null]; scope=; abstract=false; lazyInit=false; autowireMode=3; dependencyCheck=0; autowireCandidate=true; primary=false; factoryBeanName=org.springframework.boot.actuate.autoconfigure.ManagementSecurityAutoConfiguration; factoryMethodName=ignoredPathsWebSecurityConfigurerAdapter; initMethodName=null; destroyMethodName=(inferred); defined in class path resource [org/springframework/boot/actuate/autoconfigure/ManagementSecurityAutoConfiguration.class]]
2015-10-27 13:30:58.905  INFO 71924 --- [main] trationDelegate$BeanPostProcessorChecker : Bean 'metricsConfig' of type [class com.tchepannou.kiosk.rss.config.MetricsConfig$$EnhancerBySpringCGLIB$$b0dc73a4] is not eligible for getting processed by all BeanPostProcessors (for example: not eligible for auto-proxying)
2015-10-27 13:30:58.923  INFO 71924 --- [main] trationDelegate$BeanPostProcessorChecker : Bean 'org.springframework.transaction.annotation.ProxyTransactionManagementConfiguration' of type [class org.springframework.transaction.annotation.ProxyTransactionManagementConfiguration$$EnhancerBySpringCGLIB$$f1e5b9e7] is not eligible for getting processed by all BeanPostProcessors (for example: not eligible for auto-proxying)
2015-10-27 13:30:58.946  INFO 71924 --- [main] trationDelegate$BeanPostProcessorChecker : Bean 'transactionAttributeSource' of type [class org.springframework.transaction.annotation.AnnotationTransactionAttributeSource] is not eligible for getting processed by all BeanPostProcessors (for example: not eligible for auto-proxying)
2015-10-27 13:30:58.953  INFO 71924 --- [main] trationDelegate$BeanPostProcessorChecker : Bean 'transactionInterceptor' of type [class org.springframework.transaction.interceptor.TransactionInterceptor] is not eligible for getting processed by all BeanPostProcessors (for example: not eligible for auto-proxying)
2015-10-27 13:30:58.957  INFO 71924 --- [main] trationDelegate$BeanPostProcessorChecker : Bean 'org.springframework.transaction.config.internalTransactionAdvisor' of type [class org.springframework.transaction.interceptor.BeanFactoryTransactionAttributeSourceAdvisor] is not eligible for getting processed by all BeanPostProcessors (for example: not eligible for auto-proxying)
2015-10-27 13:30:58.963  INFO 71924 --- [main] trationDelegate$BeanPostProcessorChecker : Bean 'com.ryantenney.metrics.spring.config.annotation.DelegatingMetricsConfiguration' of type [class com.ryantenney.metrics.spring.config.annotation.DelegatingMetricsConfiguration$$EnhancerBySpringCGLIB$$53b0af22] is not eligible for getting processed by all BeanPostProcessors (for example: not eligible for auto-proxying)
2015-10-27 13:30:59.039  INFO 71924 --- [main] trationDelegate$BeanPostProcessorChecker : Bean 'getMetricRegistry' of type [class com.codahale.metrics.MetricRegistry] is not eligible for getting processed by all BeanPostProcessors (for example: not eligible for auto-proxying)
2015-10-27 13:30:59.066  INFO 71924 --- [main] trationDelegate$BeanPostProcessorChecker : Bean 'getHealthCheckRegistry' of type [class com.codahale.metrics.health.HealthCheckRegistry] is not eligible for getting processed by all BeanPostProcessors (for example: not eligible for auto-proxying)
2015-10-27 13:30:59.384  INFO 71924 --- [main] e.j.JettyEmbeddedServletContainerFactory : Server initialized with port: 8080
2015-10-27 13:30:59.388  INFO 71924 --- [main] org.eclipse.jetty.server.Server          : jetty-9.2.10.v20150310
2015-10-27 13:30:59.508  INFO 71924 --- [main] /                                        : Initializing Spring embedded WebApplicationContext
2015-10-27 13:30:59.508  INFO 71924 --- [main] o.s.web.context.ContextLoader            : Root WebApplicationContext: initialization completed in 1889 ms
2015-10-27 13:31:00.684  INFO 71924 --- [main] o.s.b.a.e.mvc.EndpointHandlerMapping     : Mapped "{[/metrics/{name:.*}],methods=[GET]}" onto public java.lang.Object org.springframework.boot.actuate.endpoint.mvc.MetricsMvcEndpoint.value(java.lang.String)
2015-10-27 13:31:00.684  INFO 71924 --- [main] o.s.b.a.e.mvc.EndpointHandlerMapping     : Mapped "{[/metrics],methods=[GET]}" onto public java.lang.Object org.springframework.boot.actuate.endpoint.mvc.EndpointMvcAdapter.invoke()
2015-10-27 13:31:00.685  INFO 71924 --- [main] o.s.b.a.e.mvc.EndpointHandlerMapping     : Mapped "{[/configprops],methods=[GET]}" onto public java.lang.Object org.springframework.boot.actuate.endpoint.mvc.EndpointMvcAdapter.invoke()
2015-10-27 13:31:00.685  INFO 71924 --- [main] o.s.b.a.e.mvc.EndpointHandlerMapping     : Mapped "{[/dump],methods=[GET]}" onto public java.lang.Object org.springframework.boot.actuate.endpoint.mvc.EndpointMvcAdapter.invoke()
2015-10-27 13:31:00.686  INFO 71924 --- [main] o.s.b.a.e.mvc.EndpointHandlerMapping     : Mapped "{[/mappings],methods=[GET]}" onto public java.lang.Object org.springframework.boot.actuate.endpoint.mvc.EndpointMvcAdapter.invoke()
2015-10-27 13:31:00.686  INFO 71924 --- [main] o.s.b.a.e.mvc.EndpointHandlerMapping     : Mapped "{[/autoconfig],methods=[GET]}" onto public java.lang.Object org.springframework.boot.actuate.endpoint.mvc.EndpointMvcAdapter.invoke()
2015-10-27 13:31:00.686  INFO 71924 --- [main] o.s.b.a.e.mvc.EndpointHandlerMapping     : Mapped "{[/trace],methods=[GET]}" onto public java.lang.Object org.springframework.boot.actuate.endpoint.mvc.EndpointMvcAdapter.invoke()
2015-10-27 13:31:00.687  INFO 71924 --- [main] o.s.b.a.e.mvc.EndpointHandlerMapping     : Mapped "{[/env/{name:.*}],methods=[GET]}" onto public java.lang.Object org.springframework.boot.actuate.endpoint.mvc.EnvironmentMvcEndpoint.value(java.lang.String)
2015-10-27 13:31:00.687  INFO 71924 --- [main] o.s.b.a.e.mvc.EndpointHandlerMapping     : Mapped "{[/env],methods=[GET]}" onto public java.lang.Object org.springframework.boot.actuate.endpoint.mvc.EndpointMvcAdapter.invoke()
2015-10-27 13:31:00.687  INFO 71924 --- [main] o.s.b.a.e.mvc.EndpointHandlerMapping     : Mapped "{[/info],methods=[GET]}" onto public java.lang.Object org.springframework.boot.actuate.endpoint.mvc.EndpointMvcAdapter.invoke()
2015-10-27 13:31:00.688  INFO 71924 --- [main] o.s.b.a.e.mvc.EndpointHandlerMapping     : Mapped "{[/health]}" onto public java.lang.Object org.springframework.boot.actuate.endpoint.mvc.HealthMvcEndpoint.invoke(java.security.Principal)
2015-10-27 13:31:00.688  INFO 71924 --- [main] o.s.b.a.e.mvc.EndpointHandlerMapping     : Mapped "{[/beans],methods=[GET]}" onto public java.lang.Object org.springframework.boot.actuate.endpoint.mvc.EndpointMvcAdapter.invoke()
2015-10-27 13:31:00.795  INFO 71924 --- [main] b.a.s.AuthenticationManagerConfiguration : 

Using default security password: cc30cad4-f40b-467b-bf93-180fc187c6e3

2015-10-27 13:31:00.864  INFO 71924 --- [main] o.s.s.web.DefaultSecurityFilterChain     : Creating filter chain: Ant [pattern='/css/**'], []
2015-10-27 13:31:00.864  INFO 71924 --- [main] o.s.s.web.DefaultSecurityFilterChain     : Creating filter chain: Ant [pattern='/js/**'], []
2015-10-27 13:31:00.864  INFO 71924 --- [main] o.s.s.web.DefaultSecurityFilterChain     : Creating filter chain: Ant [pattern='/images/**'], []
2015-10-27 13:31:00.864  INFO 71924 --- [main] o.s.s.web.DefaultSecurityFilterChain     : Creating filter chain: Ant [pattern='/**/favicon.ico'], []
2015-10-27 13:31:00.864  INFO 71924 --- [main] o.s.s.web.DefaultSecurityFilterChain     : Creating filter chain: Ant [pattern='/error'], []
2015-10-27 13:31:00.987  INFO 71924 --- [main] o.s.s.web.DefaultSecurityFilterChain     : Creating filter chain: org.springframework.security.web.util.matcher.AnyRequestMatcher@1, [org.springframework.security.web.context.request.async.WebAsyncManagerIntegrationFilter@4803bf73, org.springframework.security.web.context.SecurityContextPersistenceFilter@4eab9aec, org.springframework.security.web.header.HeaderWriterFilter@73230721, org.springframework.security.web.authentication.logout.LogoutFilter@1a6a4595, org.springframework.security.web.savedrequest.RequestCacheAwareFilter@2c6efee3, org.springframework.security.web.servletapi.SecurityContextHolderAwareRequestFilter@4542af89, org.springframework.security.web.authentication.AnonymousAuthenticationFilter@13731ff4, org.springframework.security.web.session.SessionManagementFilter@322eb1a, org.springframework.security.web.access.ExceptionTranslationFilter@123d0816, org.springframework.security.web.access.intercept.FilterSecurityInterceptor@384f0e32]
2015-10-27 13:31:00.995  INFO 71924 --- [main] o.s.s.web.DefaultSecurityFilterChain     : Creating filter chain: OrRequestMatcher [requestMatchers=[Ant [pattern='/info'], Ant [pattern='/info/**'], Ant [pattern='/info.*'], Ant [pattern='/health'], Ant [pattern='/health/**'], Ant [pattern='/health.*'], Ant [pattern='/metrics'], Ant [pattern='/metrics/**'], Ant [pattern='/metrics.*'], Ant [pattern='/configprops'], Ant [pattern='/configprops/**'], Ant [pattern='/configprops.*'], Ant [pattern='/dump'], Ant [pattern='/dump/**'], Ant [pattern='/dump.*'], Ant [pattern='/mappings'], Ant [pattern='/mappings/**'], Ant [pattern='/mappings.*'], Ant [pattern='/autoconfig'], Ant [pattern='/autoconfig/**'], Ant [pattern='/autoconfig.*'], Ant [pattern='/trace'], Ant [pattern='/trace/**'], Ant [pattern='/trace.*'], Ant [pattern='/env'], Ant [pattern='/env/**'], Ant [pattern='/env.*'], Ant [pattern='/beans'], Ant [pattern='/beans/**'], Ant [pattern='/beans.*']]], [org.springframework.security.web.context.request.async.WebAsyncManagerIntegrationFilter@7c07023, org.springframework.security.web.context.SecurityContextPersistenceFilter@151d216e, org.springframework.security.web.header.HeaderWriterFilter@4880a9d, org.springframework.security.web.authentication.logout.LogoutFilter@a84b6de, org.springframework.security.web.authentication.www.BasicAuthenticationFilter@5d373794, org.springframework.security.web.savedrequest.RequestCacheAwareFilter@1018f702, org.springframework.security.web.servletapi.SecurityContextHolderAwareRequestFilter@5400db7e, org.springframework.security.web.authentication.AnonymousAuthenticationFilter@13ae87a6, org.springframework.security.web.session.SessionManagementFilter@48f2d51d, org.springframework.security.web.access.ExceptionTranslationFilter@1e09c0b, org.springframework.security.web.access.intercept.FilterSecurityInterceptor@152d2a58]
2015-10-27 13:31:01.007  INFO 71924 --- [main] o.s.s.web.DefaultSecurityFilterChain     : Creating filter chain: org.springframework.boot.autoconfigure.security.SpringBootWebSecurityConfiguration$ApplicationNoWebSecurityConfigurerAdapter$1@73417494, [org.springframework.security.web.context.request.async.WebAsyncManagerIntegrationFilter@29b0c169, org.springframework.security.web.context.SecurityContextPersistenceFilter@1b120d48, org.springframework.security.web.header.HeaderWriterFilter@34c07ecc, org.springframework.security.web.csrf.CsrfFilter@796613b7, org.springframework.security.web.authentication.logout.LogoutFilter@78324e97, org.springframework.security.web.savedrequest.RequestCacheAwareFilter@236f3885, org.springframework.security.web.servletapi.SecurityContextHolderAwareRequestFilter@14ee143a, org.springframework.security.web.authentication.AnonymousAuthenticationFilter@4d1b4fa1, org.springframework.security.web.session.SessionManagementFilter@7df23848, org.springframework.security.web.access.ExceptionTranslationFilter@44df834c]
2015-10-27 13:31:01.115  INFO 71924 --- [main] o.s.b.c.embedded.FilterRegistrationBean  : Mapping filter: 'metricFilter' to: [/*]
2015-10-27 13:31:01.116  INFO 71924 --- [main] o.s.b.c.embedded.FilterRegistrationBean  : Mapping filter: 'characterEncodingFilter' to: [/*]
2015-10-27 13:31:01.116  INFO 71924 --- [main] o.s.b.c.embedded.FilterRegistrationBean  : Mapping filter: 'hiddenHttpMethodFilter' to: [/*]
2015-10-27 13:31:01.116  INFO 71924 --- [main] o.s.b.c.embedded.FilterRegistrationBean  : Mapping filter: 'springSecurityFilterChain' to: [/*]
2015-10-27 13:31:01.117  INFO 71924 --- [main] o.s.b.c.embedded.FilterRegistrationBean  : Mapping filter: 'webRequestLoggingFilter' to: [/*]
2015-10-27 13:31:01.117  INFO 71924 --- [main] o.s.b.c.embedded.FilterRegistrationBean  : Mapping filter: 'oncePerRequestFilter' to: [/*]
2015-10-27 13:31:01.117  INFO 71924 --- [main] o.s.b.c.embedded.FilterRegistrationBean  : Mapping filter: 'applicationContextIdFilter' to: [/*]
2015-10-27 13:31:01.118  INFO 71924 --- [main] o.s.b.c.e.ServletRegistrationBean        : Mapping servlet: 'dispatcherServlet' to [/]
2015-10-27 13:31:01.265  INFO 71924 --- [main] o.e.jetty.server.handler.ContextHandler  : Started o.s.b.c.e.j.JettyEmbeddedWebAppContext@3ca9d3b2{/,null,AVAILABLE}
2015-10-27 13:31:01.265  INFO 71924 --- [main] org.eclipse.jetty.server.Server          : Started @5258ms
2015-10-27 13:31:01.347  INFO 71924 --- [main] s.w.s.m.m.a.RequestMappingHandlerMapping : Mapped "{[/api-docs],methods=[GET]}" onto public org.springframework.http.ResponseEntity<com.wordnik.swagger.model.ResourceListing> com.mangofactory.swagger.controllers.DefaultSwaggerController.getResourceListing(java.lang.String)
2015-10-27 13:31:01.348  INFO 71924 --- [main] s.w.s.m.m.a.RequestMappingHandlerMapping : Mapped "{[/api-docs/{swaggerGroup}/{apiDeclaration}],methods=[GET]}" onto public org.springframework.http.ResponseEntity<com.wordnik.swagger.model.ApiListing> com.mangofactory.swagger.controllers.DefaultSwaggerController.getApiListing(java.lang.String,java.lang.String)
2015-10-27 13:31:01.349  INFO 71924 --- [main] s.w.s.m.m.a.RequestMappingHandlerMapping : Mapped "{[/error]}" onto public org.springframework.http.ResponseEntity<java.util.Map<java.lang.String, java.lang.Object>> org.springframework.boot.autoconfigure.web.BasicErrorController.error(javax.servlet.http.HttpServletRequest)
2015-10-27 13:31:01.349  INFO 71924 --- [main] s.w.s.m.m.a.RequestMappingHandlerMapping : Mapped "{[/error],produces=[text/html]}" onto public org.springframework.web.servlet.ModelAndView org.springframework.boot.autoconfigure.web.BasicErrorController.errorHtml(javax.servlet.http.HttpServletRequest)
2015-10-27 13:31:01.694  INFO 71924 --- [main] s.w.s.m.m.a.RequestMappingHandlerAdapter : Looking for @ControllerAdvice: org.springframework.boot.context.embedded.AnnotationConfigEmbeddedWebApplicationContext@57fd91c9: startup date [Tue Oct 27 13:30:57 EDT 2015]; root of context hierarchy
2015-10-27 13:31:01.776  INFO 71924 --- [main] o.s.w.s.handler.SimpleUrlHandlerMapping  : Mapped URL path [/webjars/**] onto handler of type [class org.springframework.web.servlet.resource.ResourceHttpRequestHandler]
2015-10-27 13:31:01.777  INFO 71924 --- [main] o.s.w.s.handler.SimpleUrlHandlerMapping  : Mapped URL path [/**] onto handler of type [class org.springframework.web.servlet.resource.ResourceHttpRequestHandler]
2015-10-27 13:31:01.805  INFO 71924 --- [main] o.s.w.s.handler.SimpleUrlHandlerMapping  : Mapped URL path [/**/favicon.ico] onto handler of type [class org.springframework.web.servlet.resource.ResourceHttpRequestHandler]
2015-10-27 13:31:01.914  INFO 71924 --- [main] c.m.swagger.plugin.SwaggerPluginAdapter  : Context refreshed
2015-10-27 13:31:01.914  INFO 71924 --- [main] c.m.swagger.plugin.SwaggerPluginAdapter  : Found custom SwaggerSpringMvcPlugins
2015-10-27 13:31:01.915  INFO 71924 --- [main] c.m.swagger.plugin.SwaggerPluginAdapter  : initializing plugin bean customImplementation
2015-10-27 13:31:01.929  INFO 71924 --- [main] c.m.s.s.ApiListingReferenceScanner       : Scanning for api listing references
2015-10-27 13:31:01.930  INFO 71924 --- [main] c.m.s.s.ApiListingReferenceScanner       : RequestMappingInfo did not match any include patterns: | {[/metrics/{name:.*}],methods=[GET]}
2015-10-27 13:31:01.930  INFO 71924 --- [main] c.m.s.s.ApiListingReferenceScanner       : RequestMappingInfo did not match any include patterns: | {[/metrics],methods=[GET]}
2015-10-27 13:31:01.930  INFO 71924 --- [main] c.m.s.s.ApiListingReferenceScanner       : RequestMappingInfo did not match any include patterns: | {[/configprops],methods=[GET]}
2015-10-27 13:31:01.930  INFO 71924 --- [main] c.m.s.s.ApiListingReferenceScanner       : RequestMappingInfo did not match any include patterns: | {[/dump],methods=[GET]}
2015-10-27 13:31:01.930  INFO 71924 --- [main] c.m.s.s.ApiListingReferenceScanner       : RequestMappingInfo did not match any include patterns: | {[/mappings],methods=[GET]}
2015-10-27 13:31:01.930  INFO 71924 --- [main] c.m.s.s.ApiListingReferenceScanner       : RequestMappingInfo did not match any include patterns: | {[/autoconfig],methods=[GET]}
2015-10-27 13:31:01.930  INFO 71924 --- [main] c.m.s.s.ApiListingReferenceScanner       : RequestMappingInfo did not match any include patterns: | {[/trace],methods=[GET]}
2015-10-27 13:31:01.930  INFO 71924 --- [main] c.m.s.s.ApiListingReferenceScanner       : RequestMappingInfo did not match any include patterns: | {[/env/{name:.*}],methods=[GET]}
2015-10-27 13:31:01.931  INFO 71924 --- [main] c.m.s.s.ApiListingReferenceScanner       : RequestMappingInfo did not match any include patterns: | {[/env],methods=[GET]}
2015-10-27 13:31:01.931  INFO 71924 --- [main] c.m.s.s.ApiListingReferenceScanner       : RequestMappingInfo did not match any include patterns: | {[/info],methods=[GET]}
2015-10-27 13:31:01.931  INFO 71924 --- [main] c.m.s.s.ApiListingReferenceScanner       : RequestMappingInfo did not match any include patterns: | {[/health]}
2015-10-27 13:31:01.931  INFO 71924 --- [main] c.m.s.s.ApiListingReferenceScanner       : RequestMappingInfo did not match any include patterns: | {[/beans],methods=[GET]}
2015-10-27 13:31:01.931  INFO 71924 --- [main] c.m.s.s.ApiListingReferenceScanner       : Excluding method as it contains the excluded annotation: interface com.mangofactory.swagger.annotations.ApiIgnore
2015-10-27 13:31:01.931  INFO 71924 --- [main] c.m.s.s.ApiListingReferenceScanner       : Excluding method as it contains the excluded annotation: interface com.mangofactory.swagger.annotations.ApiIgnore
2015-10-27 13:31:01.931  INFO 71924 --- [main] c.m.s.s.ApiListingReferenceScanner       : RequestMappingInfo did not match any include patterns: | {[/error]}
2015-10-27 13:31:01.931  INFO 71924 --- [main] c.m.s.s.ApiListingReferenceScanner       : RequestMappingInfo did not match any include patterns: | {[/error],produces=[text/html]}
2015-10-27 13:31:02.147  INFO 71924 --- [main] c.m.s.core.SwaggerApiResourceListing     : Added a resource listing with (0) api resources: 
2015-10-27 13:31:02.152  INFO 71924 --- [main] /                                        : Initializing Spring FrameworkServlet 'dispatcherServlet'
2015-10-27 13:31:02.152  INFO 71924 --- [main] o.s.web.servlet.DispatcherServlet        : FrameworkServlet 'dispatcherServlet': initialization started
2015-10-27 13:31:02.172  INFO 71924 --- [main] o.s.web.servlet.DispatcherServlet        : FrameworkServlet 'dispatcherServlet': initialization completed in 20 ms
2015-10-27 13:31:02.223  INFO 71924 --- [main] o.eclipse.jetty.server.ServerConnector   : Started ServerConnector@5014ccf9{HTTP/1.1}{0.0.0.0:8080}
2015-10-27 13:31:02.228  INFO 71924 --- [main] .s.b.c.e.j.JettyEmbeddedServletContainer : Jetty started on port(s) 8080 (http/1.1)
2015-10-27 13:31:02.233  INFO 71924 --- [main] c.t.kiosk.rss.controller.HealthCheckIT   : Started HealthCheckIT in 5.19 seconds (JVM running for 6.227)
2015-10-27 13:31:03.683  INFO 71924 --- [Thread-2] ationConfigEmbeddedWebApplicationContext : Closing org.springframework.boot.context.embedded.AnnotationConfigEmbeddedWebApplicationContext@57fd91c9: startup date [Tue Oct 27 13:30:57 EDT 2015]; root of context hierarchy
2015-10-27 13:31:03.751  INFO 71924 --- [Thread-2] o.eclipse.jetty.server.ServerConnector   : Stopped ServerConnector@5014ccf9{HTTP/1.1}{0.0.0.0:8080}
2015-10-27 13:31:03.754  INFO 71924 --- [Thread-2] /                                        : Destroying Spring FrameworkServlet 'dispatcherServlet'
2015-10-27 13:31:03.755  INFO 71924 --- [Thread-2] o.e.jetty.server.handler.ContextHandler  : Stopped o.s.b.c.e.j.JettyEmbeddedWebAppContext@3ca9d3b2{/,null,UNAVAILABLE}
